<?xml version="1.0" encoding="UTF-8"?>
<testng-results ignored="0" total="1" passed="1" failed="0" skipped="0">
  <reporter-output>
  </reporter-output>
  <suite started-at="2020-04-30T18:54:43Z" name="BDD Test Suite" finished-at="2020-04-30T18:55:03Z" duration-ms="20017">
    <groups>
      <group name="cucumber">
        <method signature="AbstractTestNGCucumberTests.feature(cucumber.api.testng.CucumberFeatureWrapper)[pri:0, instance:TestRunner.CucumberTestRunner@226a82c4]" name="feature" class="cucumber.api.testng.AbstractTestNGCucumberTests"/>
      </group> <!-- cucumber -->
    </groups>
    <test started-at="2020-04-30T18:54:43Z" name="Login and Update Profile Test" finished-at="2020-04-30T18:55:03Z" duration-ms="20017">
      <class name="TestRunner.CucumberTestRunner">
        <test-method is-config="true" signature="setUpClass()[pri:0, instance:TestRunner.CucumberTestRunner@226a82c4]" started-at="2020-04-30T18:54:43Z" name="setUpClass" finished-at="2020-04-30T18:54:43Z" duration-ms="183" status="PASS">
          <reporter-output>
          </reporter-output>
        </test-method> <!-- setUpClass -->
        <test-method signature="feature(cucumber.api.testng.CucumberFeatureWrapper)[pri:0, instance:TestRunner.CucumberTestRunner@226a82c4]" started-at="2020-04-30T18:54:43Z" name="feature" description="Runs Cucumber Feature" data-provider="features" finished-at="2020-04-30T18:55:03Z" duration-ms="19757" status="PASS">
          <params>
            <param index="0">
              <value>
                <![CDATA[Fill & submitted Transfer Funds & PayBills form]]>
              </value>
            </param>
          </params>
          <reporter-output>
          </reporter-output>
        </test-method> <!-- feature -->
        <test-method is-config="true" signature="tearDownClass()[pri:0, instance:TestRunner.CucumberTestRunner@226a82c4]" started-at="2020-04-30T18:55:03Z" name="tearDownClass" finished-at="2020-04-30T18:55:03Z" duration-ms="8" status="PASS">
          <reporter-output>
          </reporter-output>
        </test-method> <!-- tearDownClass -->
      </class> <!-- TestRunner.CucumberTestRunner -->
    </test> <!-- Login and Update Profile Test -->
  </suite> <!-- BDD Test Suite -->
</testng-results>
